This file contains any messages produced by compilers while
running configure, to aid debugging if configure makes a mistake.

It was created by dunelegacy configure 0.96.3, which was
generated by GNU Autoconf 2.68.  Invocation command line was

  $ ./configure 

## --------- ##
## Platform. ##
## --------- ##

hostname = deneb
uname -m = x86_64
uname -r = 3.16.0-29-generic
uname -s = Linux
uname -v = #39-Ubuntu SMP Mon Dec 15 22:27:29 UTC 2014

/usr/bin/uname -p = unknown
/bin/uname -X     = unknown

/bin/arch              = unknown
/usr/bin/arch -k       = unknown
/usr/convex/getsysinfo = unknown
/usr/bin/hostinfo      = unknown
/bin/machine           = unknown
/usr/bin/oslevel       = unknown
/bin/universe          = unknown

PATH: /home/mathdesc/bin
PATH: /usr/local/sbin
PATH: /usr/local/bin
PATH: /usr/sbin
PATH: /usr/bin
PATH: /sbin
PATH: /bin
PATH: /usr/games
PATH: /usr/local/games


## ----------- ##
## Core tests. ##
## ----------- ##

configure:2184: checking build system type
configure:2198: result: x86_64-unknown-linux-gnu
configure:2218: checking host system type
configure:2231: result: x86_64-unknown-linux-gnu
configure:2251: checking target system type
configure:2264: result: x86_64-unknown-linux-gnu
configure:2308: checking for a BSD-compatible install
configure:2376: result: /usr/bin/install -c
configure:2387: checking whether build environment is sane
configure:2437: result: yes
configure:2578: checking for a thread-safe mkdir -p
configure:2617: result: /bin/mkdir -p
configure:2630: checking for gawk
configure:2646: found /usr/bin/gawk
configure:2657: result: gawk
configure:2668: checking whether make sets $(MAKE)
configure:2690: result: yes
configure:2831: checking for g++
configure:2847: found /usr/bin/g++
configure:2858: result: g++
configure:2885: checking for C++ compiler version
configure:2894: g++ --version >&5
g++ (Ubuntu 4.9.1-16ubuntu6) 4.9.1
Copyright (C) 2014 Free Software Foundation, Inc.
This is free software; see the source for copying conditions.  There is NO
warranty; not even for MERCHANTABILITY or FITNESS FOR A PARTICULAR PURPOSE.

configure:2905: $? = 0
configure:2894: g++ -v >&5
Using built-in specs.
COLLECT_GCC=g++
COLLECT_LTO_WRAPPER=/usr/lib/gcc/x86_64-linux-gnu/4.9/lto-wrapper
Target: x86_64-linux-gnu
Configured with: ../src/configure -v --with-pkgversion='Ubuntu 4.9.1-16ubuntu6' --with-bugurl=file:///usr/share/doc/gcc-4.9/README.Bugs --enable-languages=c,c++,java,go,d,fortran,objc,obj-c++ --prefix=/usr --program-suffix=-4.9 --enable-shared --enable-linker-build-id --libexecdir=/usr/lib --without-included-gettext --enable-threads=posix --with-gxx-include-dir=/usr/include/c++/4.9 --libdir=/usr/lib --enable-nls --with-sysroot=/ --enable-clocale=gnu --enable-libstdcxx-debug --enable-libstdcxx-time=yes --enable-gnu-unique-object --disable-vtable-verify --enable-plugin --with-system-zlib --disable-browser-plugin --enable-java-awt=gtk --enable-gtk-cairo --with-java-home=/usr/lib/jvm/java-1.5.0-gcj-4.9-amd64/jre --enable-java-home --with-jvm-root-dir=/usr/lib/jvm/java-1.5.0-gcj-4.9-amd64 --with-jvm-jar-dir=/usr/lib/jvm-exports/java-1.5.0-gcj-4.9-amd64 --with-arch-directory=amd64 --with-ecj-jar=/usr/share/java/eclipse-ecj.jar --enable-objc-gc --enable-multiarch --disable-werror --with-arch-32=i686 --with-abi=m64 --with-multilib-list=m32,m64,mx32 --enable-multilib --with-tune=generic --enable-checking=release --build=x86_64-linux-gnu --host=x86_64-linux-gnu --target=x86_64-linux-gnu
Thread model: posix
gcc version 4.9.1 (Ubuntu 4.9.1-16ubuntu6) 
configure:2905: $? = 0
configure:2894: g++ -V >&5
g++: error: unrecognized command line option '-V'
g++: fatal error: no input files
compilation terminated.
configure:2905: $? = 4
configure:2894: g++ -qversion >&5
g++: error: unrecognized command line option '-qversion'
g++: fatal error: no input files
compilation terminated.
configure:2905: $? = 4
configure:2925: checking whether the C++ compiler works
configure:2947: g++    conftest.cpp  >&5
configure:2951: $? = 0
configure:2999: result: yes
configure:3002: checking for C++ compiler default output file name
configure:3004: result: a.out
configure:3010: checking for suffix of executables
configure:3017: g++ -o conftest    conftest.cpp  >&5
configure:3021: $? = 0
configure:3043: result: 
configure:3065: checking whether we are cross compiling
configure:3073: g++ -o conftest    conftest.cpp  >&5
configure:3077: $? = 0
configure:3084: ./conftest
configure:3088: $? = 0
configure:3103: result: no
configure:3108: checking for suffix of object files
configure:3130: g++ -c   conftest.cpp >&5
configure:3134: $? = 0
configure:3155: result: o
configure:3159: checking whether we are using the GNU C++ compiler
configure:3178: g++ -c   conftest.cpp >&5
configure:3178: $? = 0
configure:3187: result: yes
configure:3196: checking whether g++ accepts -g
configure:3216: g++ -c -g  conftest.cpp >&5
configure:3216: $? = 0
configure:3257: result: yes
configure:3291: checking for style of include used by make
configure:3319: result: GNU
configure:3345: checking dependency style of g++
configure:3456: result: gcc3
configure:3534: checking for gcc
configure:3550: found /usr/bin/gcc
configure:3561: result: gcc
configure:3790: checking for C compiler version
configure:3799: gcc --version >&5
gcc (Ubuntu 4.9.1-16ubuntu6) 4.9.1
Copyright (C) 2014 Free Software Foundation, Inc.
This is free software; see the source for copying conditions.  There is NO
warranty; not even for MERCHANTABILITY or FITNESS FOR A PARTICULAR PURPOSE.

configure:3810: $? = 0
configure:3799: gcc -v >&5
Using built-in specs.
COLLECT_GCC=gcc
COLLECT_LTO_WRAPPER=/usr/lib/gcc/x86_64-linux-gnu/4.9/lto-wrapper
Target: x86_64-linux-gnu
Configured with: ../src/configure -v --with-pkgversion='Ubuntu 4.9.1-16ubuntu6' --with-bugurl=file:///usr/share/doc/gcc-4.9/README.Bugs --enable-languages=c,c++,java,go,d,fortran,objc,obj-c++ --prefix=/usr --program-suffix=-4.9 --enable-shared --enable-linker-build-id --libexecdir=/usr/lib --without-included-gettext --enable-threads=posix --with-gxx-include-dir=/usr/include/c++/4.9 --libdir=/usr/lib --enable-nls --with-sysroot=/ --enable-clocale=gnu --enable-libstdcxx-debug --enable-libstdcxx-time=yes --enable-gnu-unique-object --disable-vtable-verify --enable-plugin --with-system-zlib --disable-browser-plugin --enable-java-awt=gtk --enable-gtk-cairo --with-java-home=/usr/lib/jvm/java-1.5.0-gcj-4.9-amd64/jre --enable-java-home --with-jvm-root-dir=/usr/lib/jvm/java-1.5.0-gcj-4.9-amd64 --with-jvm-jar-dir=/usr/lib/jvm-exports/java-1.5.0-gcj-4.9-amd64 --with-arch-directory=amd64 --with-ecj-jar=/usr/share/java/eclipse-ecj.jar --enable-objc-gc --enable-multiarch --disable-werror --with-arch-32=i686 --with-abi=m64 --with-multilib-list=m32,m64,mx32 --enable-multilib --with-tune=generic --enable-checking=release --build=x86_64-linux-gnu --host=x86_64-linux-gnu --target=x86_64-linux-gnu
Thread model: posix
gcc version 4.9.1 (Ubuntu 4.9.1-16ubuntu6) 
configure:3810: $? = 0
configure:3799: gcc -V >&5
gcc: error: unrecognized command line option '-V'
gcc: fatal error: no input files
compilation terminated.
configure:3810: $? = 4
configure:3799: gcc -qversion >&5
gcc: error: unrecognized command line option '-qversion'
gcc: fatal error: no input files
compilation terminated.
configure:3810: $? = 4
configure:3814: checking whether we are using the GNU C compiler
configure:3833: gcc -c -ffp-contract=off  conftest.c >&5
configure:3833: $? = 0
configure:3842: result: yes
configure:3851: checking whether gcc accepts -g
configure:3871: gcc -c -g  conftest.c >&5
configure:3871: $? = 0
configure:3912: result: yes
configure:3929: checking for gcc option to accept ISO C89
configure:3993: gcc  -c -ffp-contract=off  conftest.c >&5
configure:3993: $? = 0
configure:4006: result: none needed
configure:4028: checking dependency style of gcc
configure:4139: result: gcc3
configure:4166: gcc -c -ffp-contract=off  conftest.c >&5
configure:4166: $? = 0
configure:4232: checking for sdl-config
configure:4250: found /usr/bin/sdl-config
configure:4263: result: /usr/bin/sdl-config
configure:4272: checking for SDL - version >= 1.2.0
configure:4359: gcc -o conftest  -I/usr/include/SDL -D_GNU_SOURCE=1 -D_REENTRANT   conftest.c  -L/usr/lib/x86_64-linux-gnu -lSDL >&5
configure:4359: $? = 0
configure:4359: ./conftest
configure:4359: $? = 0
configure:4374: result: yes
configure:4447: checking for Mix_OpenAudio in -lSDL_mixer
configure:4472: gcc -o conftest  -I/usr/include/SDL -D_GNU_SOURCE=1 -D_REENTRANT   conftest.c -lSDL_mixer   -L/usr/lib/x86_64-linux-gnu -lSDL >&5
configure:4472: $? = 0
configure:4481: result: yes
configure:4491: checking for gethostbyaddr_r
configure:4491: gcc -o conftest  -I/usr/include/SDL -D_GNU_SOURCE=1 -D_REENTRANT   conftest.c  -L/usr/lib/x86_64-linux-gnu -lSDL -lSDL_mixer >&5
configure:4491: $? = 0
configure:4491: result: yes
configure:4497: checking for gethostbyname_r
configure:4497: gcc -o conftest  -I/usr/include/SDL -D_GNU_SOURCE=1 -D_REENTRANT   conftest.c  -L/usr/lib/x86_64-linux-gnu -lSDL -lSDL_mixer >&5
configure:4497: $? = 0
configure:4497: result: yes
configure:4503: checking for poll
configure:4503: gcc -o conftest  -I/usr/include/SDL -D_GNU_SOURCE=1 -D_REENTRANT   conftest.c  -L/usr/lib/x86_64-linux-gnu -lSDL -lSDL_mixer >&5
configure:4503: $? = 0
configure:4503: result: yes
configure:4509: checking for fcntl
configure:4509: gcc -o conftest  -I/usr/include/SDL -D_GNU_SOURCE=1 -D_REENTRANT   conftest.c  -L/usr/lib/x86_64-linux-gnu -lSDL -lSDL_mixer >&5
configure:4509: $? = 0
configure:4509: result: yes
configure:4515: checking for inet_pton
configure:4515: gcc -o conftest  -I/usr/include/SDL -D_GNU_SOURCE=1 -D_REENTRANT   conftest.c  -L/usr/lib/x86_64-linux-gnu -lSDL -lSDL_mixer >&5
configure:4515: $? = 0
configure:4515: result: yes
configure:4521: checking for inet_ntop
configure:4521: gcc -o conftest  -I/usr/include/SDL -D_GNU_SOURCE=1 -D_REENTRANT   conftest.c  -L/usr/lib/x86_64-linux-gnu -lSDL -lSDL_mixer >&5
configure:4521: $? = 0
configure:4521: result: yes
configure:4528: checking for struct msghdr.msg_flags
configure:4528: gcc -c  -I/usr/include/SDL -D_GNU_SOURCE=1 -D_REENTRANT  conftest.c >&5
configure:4528: $? = 0
configure:4528: result: yes
configure:4536: checking for socklen_t
configure:4536: gcc -c  -I/usr/include/SDL -D_GNU_SOURCE=1 -D_REENTRANT  conftest.c >&5
configure:4536: $? = 0
configure:4536: gcc -c  -I/usr/include/SDL -D_GNU_SOURCE=1 -D_REENTRANT  conftest.c >&5
conftest.c: In function 'main':
conftest.c:25:24: error: expected expression before ')' token
 if (sizeof ((socklen_t)))
                        ^
configure:4536: $? = 1
configure: failed program was:
| /* confdefs.h */
| #define PACKAGE_NAME "dunelegacy"
| #define PACKAGE_TARNAME "dunelegacy"
| #define PACKAGE_VERSION "0.96.3"
| #define PACKAGE_STRING "dunelegacy 0.96.3"
| #define PACKAGE_BUGREPORT "http://dunelegacy.sourceforge.net"
| #define PACKAGE_URL ""
| #define PACKAGE "dunelegacy"
| #define VERSION "0.96.3"
| #define HAS_GETHOSTBYADDR_R 1
| #define HAS_GETHOSTBYNAME_R 1
| #define HAS_POLL 1
| #define HAS_FCNTL 1
| #define HAS_INET_PTON 1
| #define HAS_INET_NTOP 1
| #define HAS_MSGHDR_FLAGS 1
| /* end confdefs.h.  */
| #include <sys/types.h>
|               #include <sys/socket.h>
| 
| 
| int
| main ()
| {
| if (sizeof ((socklen_t)))
| 	    return 0;
|   ;
|   return 0;
| }
configure:4536: result: yes
configure:4551: checking how to run the C preprocessor
configure:4582: gcc -E  conftest.c
configure:4582: $? = 0
configure:4596: gcc -E  conftest.c
conftest.c:19:28: fatal error: ac_nonexistent.h: No such file or directory
 #include <ac_nonexistent.h>
                            ^
compilation terminated.
configure:4596: $? = 1
configure: failed program was:
| /* confdefs.h */
| #define PACKAGE_NAME "dunelegacy"
| #define PACKAGE_TARNAME "dunelegacy"
| #define PACKAGE_VERSION "0.96.3"
| #define PACKAGE_STRING "dunelegacy 0.96.3"
| #define PACKAGE_BUGREPORT "http://dunelegacy.sourceforge.net"
| #define PACKAGE_URL ""
| #define PACKAGE "dunelegacy"
| #define VERSION "0.96.3"
| #define HAS_GETHOSTBYADDR_R 1
| #define HAS_GETHOSTBYNAME_R 1
| #define HAS_POLL 1
| #define HAS_FCNTL 1
| #define HAS_INET_PTON 1
| #define HAS_INET_NTOP 1
| #define HAS_MSGHDR_FLAGS 1
| #define HAS_SOCKLEN_T 1
| /* end confdefs.h.  */
| #include <ac_nonexistent.h>
configure:4621: result: gcc -E
configure:4641: gcc -E  conftest.c
configure:4641: $? = 0
configure:4655: gcc -E  conftest.c
conftest.c:19:28: fatal error: ac_nonexistent.h: No such file or directory
 #include <ac_nonexistent.h>
                            ^
compilation terminated.
configure:4655: $? = 1
configure: failed program was:
| /* confdefs.h */
| #define PACKAGE_NAME "dunelegacy"
| #define PACKAGE_TARNAME "dunelegacy"
| #define PACKAGE_VERSION "0.96.3"
| #define PACKAGE_STRING "dunelegacy 0.96.3"
| #define PACKAGE_BUGREPORT "http://dunelegacy.sourceforge.net"
| #define PACKAGE_URL ""
| #define PACKAGE "dunelegacy"
| #define VERSION "0.96.3"
| #define HAS_GETHOSTBYADDR_R 1
| #define HAS_GETHOSTBYNAME_R 1
| #define HAS_POLL 1
| #define HAS_FCNTL 1
| #define HAS_INET_PTON 1
| #define HAS_INET_NTOP 1
| #define HAS_MSGHDR_FLAGS 1
| #define HAS_SOCKLEN_T 1
| /* end confdefs.h.  */
| #include <ac_nonexistent.h>
configure:4684: checking for grep that handles long lines and -e
configure:4742: result: /bin/grep
configure:4747: checking for egrep
configure:4809: result: /bin/grep -E
conftest.c:19:37: fatal error: /usr/include/sys/socket.h: No such file or directory
 #include </usr/include/sys/socket.h>
                                     ^
compilation terminated.
conftest.c:19:20: fatal error: socket.h: No such file or directory
 #include <socket.h>
                    ^
compilation terminated.
configure:5016: creating ./config.status

## ---------------------- ##
## Running config.status. ##
## ---------------------- ##

This file was extended by dunelegacy config.status 0.96.3, which was
generated by GNU Autoconf 2.68.  Invocation command line was

  CONFIG_FILES    = 
  CONFIG_HEADERS  = 
  CONFIG_LINKS    = 
  CONFIG_COMMANDS = 
  $ ./config.status 

on deneb

config.status:808: creating Makefile
config.status:808: creating src/Makefile
config.status:808: creating tests/Makefile
config.status:980: executing depfiles commands

## ---------------- ##
## Cache variables. ##
## ---------------- ##

ac_cv_build=x86_64-unknown-linux-gnu
ac_cv_c_compiler_gnu=yes
ac_cv_cxx_compiler_gnu=yes
ac_cv_env_CCC_set=
ac_cv_env_CCC_value=
ac_cv_env_CC_set=
ac_cv_env_CC_value=
ac_cv_env_CFLAGS_set=
ac_cv_env_CFLAGS_value=
ac_cv_env_CPPFLAGS_set=
ac_cv_env_CPPFLAGS_value=
ac_cv_env_CPP_set=
ac_cv_env_CPP_value=
ac_cv_env_CXXFLAGS_set=
ac_cv_env_CXXFLAGS_value=
ac_cv_env_CXX_set=
ac_cv_env_CXX_value=
ac_cv_env_LDFLAGS_set=
ac_cv_env_LDFLAGS_value=
ac_cv_env_LIBS_set=
ac_cv_env_LIBS_value=
ac_cv_env_build_alias_set=
ac_cv_env_build_alias_value=
ac_cv_env_host_alias_set=
ac_cv_env_host_alias_value=
ac_cv_env_target_alias_set=
ac_cv_env_target_alias_value=
ac_cv_func_fcntl=yes
ac_cv_func_gethostbyaddr_r=yes
ac_cv_func_gethostbyname_r=yes
ac_cv_func_inet_ntop=yes
ac_cv_func_inet_pton=yes
ac_cv_func_poll=yes
ac_cv_host=x86_64-unknown-linux-gnu
ac_cv_lib_SDL_mixer_Mix_OpenAudio=yes
ac_cv_member_struct_msghdr_msg_flags=yes
ac_cv_objext=o
ac_cv_path_EGREP='/bin/grep -E'
ac_cv_path_GREP=/bin/grep
ac_cv_path_SDL_CONFIG=/usr/bin/sdl-config
ac_cv_path_install='/usr/bin/install -c'
ac_cv_path_mkdir=/bin/mkdir
ac_cv_prog_AWK=gawk
ac_cv_prog_CPP='gcc -E'
ac_cv_prog_ac_ct_CC=gcc
ac_cv_prog_ac_ct_CXX=g++
ac_cv_prog_cc_c89=
ac_cv_prog_cc_g=yes
ac_cv_prog_cxx_g=yes
ac_cv_prog_make_make_set=yes
ac_cv_target=x86_64-unknown-linux-gnu
ac_cv_type_socklen_t=yes
am_cv_CC_dependencies_compiler_type=gcc3
am_cv_CXX_dependencies_compiler_type=gcc3

## ----------------- ##
## Output variables. ##
## ----------------- ##

ACLOCAL='${SHELL} /home/mathdesc/retro/dunelegacy-0.96.3/missing --run aclocal-1.11'
AMDEPBACKSLASH='\'
AMDEP_FALSE='#'
AMDEP_TRUE=''
AMTAR='$${TAR-tar}'
AUTOCONF='${SHELL} /home/mathdesc/retro/dunelegacy-0.96.3/missing --run autoconf'
AUTOHEADER='${SHELL} /home/mathdesc/retro/dunelegacy-0.96.3/missing --run autoheader'
AUTOMAKE='${SHELL} /home/mathdesc/retro/dunelegacy-0.96.3/missing --run automake-1.11'
AWK='gawk'
CC='gcc'
CCDEPMODE='depmode=gcc3'
CFLAGS=' -I/usr/include/SDL -D_GNU_SOURCE=1 -D_REENTRANT'
CPP='gcc -E'
CPPFLAGS=''
CXX='g++'
CXXDEPMODE='depmode=gcc3'
CXXFLAGS='-O3 -pipe -pedantic -Wall -Wextra -Wno-unused-parameter -DNDEBUG -ffp-contract=off -I/usr/include/SDL -D_GNU_SOURCE=1 -D_REENTRANT'
CYGPATH_W='echo'
DEFS='-DPACKAGE_NAME=\"dunelegacy\" -DPACKAGE_TARNAME=\"dunelegacy\" -DPACKAGE_VERSION=\"0.96.3\" -DPACKAGE_STRING=\"dunelegacy\ 0.96.3\" -DPACKAGE_BUGREPORT=\"http://dunelegacy.sourceforge.net\" -DPACKAGE_URL=\"\" -DPACKAGE=\"dunelegacy\" -DVERSION=\"0.96.3\" -DHAS_GETHOSTBYADDR_R=1 -DHAS_GETHOSTBYNAME_R=1 -DHAS_POLL=1 -DHAS_FCNTL=1 -DHAS_INET_PTON=1 -DHAS_INET_NTOP=1 -DHAS_MSGHDR_FLAGS=1 -DHAS_SOCKLEN_T=1'
DEPDIR='.deps'
ECHO_C=''
ECHO_N='-n'
ECHO_T=''
EGREP='/bin/grep -E'
EXEEXT=''
GREP='/bin/grep'
INSTALL_DATA='${INSTALL} -m 644'
INSTALL_PROGRAM='${INSTALL}'
INSTALL_SCRIPT='${INSTALL}'
INSTALL_STRIP_PROGRAM='$(install_sh) -c -s'
LDFLAGS=''
LIBOBJS=''
LIBS=' -L/usr/lib/x86_64-linux-gnu -lSDL -lSDL_mixer'
LTLIBOBJS=''
MAKEINFO='${SHELL} /home/mathdesc/retro/dunelegacy-0.96.3/missing --run makeinfo'
MKDIR_P='/bin/mkdir -p'
OBJEXT='o'
PACKAGE='dunelegacy'
PACKAGE_BUGREPORT='http://dunelegacy.sourceforge.net'
PACKAGE_NAME='dunelegacy'
PACKAGE_STRING='dunelegacy 0.96.3'
PACKAGE_TARNAME='dunelegacy'
PACKAGE_URL=''
PACKAGE_VERSION='0.96.3'
PATH_SEPARATOR=':'
SDL_CFLAGS='-I/usr/include/SDL -D_GNU_SOURCE=1 -D_REENTRANT'
SDL_CONFIG='/usr/bin/sdl-config'
SDL_LIBS='-L/usr/lib/x86_64-linux-gnu -lSDL'
SET_MAKE=''
SHELL='/bin/bash'
STRIP=''
VERSION='0.96.3'
ac_ct_CC='gcc'
ac_ct_CXX='g++'
am__EXEEXT_FALSE=''
am__EXEEXT_TRUE='#'
am__fastdepCC_FALSE='#'
am__fastdepCC_TRUE=''
am__fastdepCXX_FALSE='#'
am__fastdepCXX_TRUE=''
am__include='include'
am__isrc=''
am__leading_dot='.'
am__nodep='_no'
am__quote=''
am__tar='$${TAR-tar} chof - "$$tardir"'
am__untar='$${TAR-tar} xf -'
bindir='${exec_prefix}/bin'
build='x86_64-unknown-linux-gnu'
build_alias=''
build_cpu='x86_64'
build_os='linux-gnu'
build_vendor='unknown'
datadir='${datarootdir}'
datarootdir='${prefix}/share'
docdir='${datarootdir}/doc/${PACKAGE_TARNAME}'
dunelegacydatadir='${pkgdatadir}'
dvidir='${docdir}'
exec_prefix='${prefix}'
host='x86_64-unknown-linux-gnu'
host_alias=''
host_cpu='x86_64'
host_os='linux-gnu'
host_vendor='unknown'
htmldir='${docdir}'
includedir='${prefix}/include'
infodir='${datarootdir}/info'
install_sh='${SHELL} /home/mathdesc/retro/dunelegacy-0.96.3/install-sh'
libdir='${exec_prefix}/lib'
libexecdir='${exec_prefix}/libexec'
localedir='${datarootdir}/locale'
localstatedir='${prefix}/var'
mandir='${datarootdir}/man'
mkdir_p='/bin/mkdir -p'
oldincludedir='/usr/include'
pdfdir='${docdir}'
prefix='/usr/local'
program_transform_name='s,x,x,'
psdir='${docdir}'
sbindir='${exec_prefix}/sbin'
sharedstatedir='${prefix}/com'
sysconfdir='${prefix}/etc'
target='x86_64-unknown-linux-gnu'
target_alias=''
target_cpu='x86_64'
target_os='linux-gnu'
target_vendor='unknown'

## ----------- ##
## confdefs.h. ##
## ----------- ##

/* confdefs.h */
#define PACKAGE_NAME "dunelegacy"
#define PACKAGE_TARNAME "dunelegacy"
#define PACKAGE_VERSION "0.96.3"
#define PACKAGE_STRING "dunelegacy 0.96.3"
#define PACKAGE_BUGREPORT "http://dunelegacy.sourceforge.net"
#define PACKAGE_URL ""
#define PACKAGE "dunelegacy"
#define VERSION "0.96.3"
#define HAS_GETHOSTBYADDR_R 1
#define HAS_GETHOSTBYNAME_R 1
#define HAS_POLL 1
#define HAS_FCNTL 1
#define HAS_INET_PTON 1
#define HAS_INET_NTOP 1
#define HAS_MSGHDR_FLAGS 1
#define HAS_SOCKLEN_T 1

configure: exit 0
